<?xml version="1.0" encoding="UTF-8"?>
<coverage generated="1771375625382" clover="3.2.0">
  <project timestamp="1771375625382" name="All files">
    <metrics statements="36" coveredstatements="30" conditionals="23" coveredconditionals="16" methods="13" coveredmethods="11" elements="72" coveredelements="57" complexity="0" loc="36" ncloc="36" packages="1" files="3" classes="3"/>
    <file name="observer.js" path="C:\Users\Alexa\Desktop\p1\K3---Projekt-i-team\js\observer.js">
      <metrics statements="3" coveredstatements="2" conditionals="0" coveredconditionals="0" methods="3" coveredmethods="1"/>
      <line num="1" count="2" type="stmt"/>
      <line num="4" count="0" type="stmt"/>
      <line num="8" count="14" type="stmt"/>
    </file>
    <file name="status.js" path="C:\Users\Alexa\Desktop\p1\K3---Projekt-i-team\js\status.js">
      <metrics statements="18" coveredstatements="14" conditionals="17" coveredconditionals="12" methods="4" coveredmethods="4"/>
      <line num="4" count="1" type="stmt"/>
      <line num="13" count="11" type="stmt"/>
      <line num="18" count="7" type="stmt"/>
      <line num="28" count="3" type="cond" truecount="1" falsecount="1"/>
      <line num="29" count="0" type="stmt"/>
      <line num="33" count="3" type="cond" truecount="2" falsecount="2"/>
      <line num="34" count="0" type="stmt"/>
      <line num="37" count="3" type="stmt"/>
      <line num="39" count="3" type="cond" truecount="4" falsecount="0"/>
      <line num="40" count="1" type="stmt"/>
      <line num="43" count="2" type="stmt"/>
      <line num="45" count="2" type="cond" truecount="1" falsecount="1"/>
      <line num="46" count="0" type="stmt"/>
      <line num="50" count="2" type="stmt"/>
      <line num="53" count="2" type="cond" truecount="2" falsecount="0"/>
      <line num="56" count="2" type="cond" truecount="1" falsecount="1"/>
      <line num="57" count="0" type="stmt"/>
      <line num="60" count="2" type="stmt"/>
    </file>
    <file name="storage.js" path="C:\Users\Alexa\Desktop\p1\K3---Projekt-i-team\js\storage.js">
      <metrics statements="15" coveredstatements="14" conditionals="6" coveredconditionals="4" methods="6" coveredmethods="6"/>
      <line num="3" count="2" type="stmt"/>
      <line num="6" count="13" type="stmt"/>
      <line num="7" count="13" type="cond" truecount="2" falsecount="0"/>
      <line num="16" count="14" type="stmt"/>
      <line num="18" count="14" type="stmt"/>
      <line num="22" count="3" type="stmt"/>
      <line num="23" count="3" type="cond" truecount="1" falsecount="1"/>
      <line num="24" count="0" type="stmt"/>
      <line num="26" count="3" type="stmt"/>
      <line num="27" count="3" type="stmt"/>
      <line num="31" count="1" type="stmt"/>
      <line num="33" count="2" type="stmt"/>
      <line num="34" count="1" type="stmt"/>
      <line num="38" count="2" type="stmt"/>
      <line num="39" count="2" type="cond" truecount="1" falsecount="1"/>
    </file>
  </project>
</coverage>
