{"C:\\Users\\Alexa\\Desktop\\gams\\K3---Projekt-i-team\\js\\observer.js": {"path":"C:\\Users\\Alexa\\Desktop\\gams\\K3---Projekt-i-team\\js\\observer.js","statementMap":{"0":{"start":{"line":1,"column":18},"end":{"line":1,"column":20}},"1":{"start":{"line":4,"column":2},"end":{"line":4,"column":23}},"2":{"start":{"line":8,"column":2},"end":{"line":8,"column":34}},"3":{"start":{"line":8,"column":28},"end":{"line":8,"column":32}}},"fnMap":{"0":{"name":"subscribe","decl":{"start":{"line":3,"column":16},"end":{"line":3,"column":25}},"loc":{"start":{"line":3,"column":30},"end":{"line":5,"column":1}},"line":3},"1":{"name":"notify","decl":{"start":{"line":7,"column":16},"end":{"line":7,"column":22}},"loc":{"start":{"line":7,"column":25},"end":{"line":9,"column":1}},"line":7},"2":{"name":"(anonymous_2)","decl":{"start":{"line":8,"column":22},"end":{"line":8,"column":23}},"loc":{"start":{"line":8,"column":28},"end":{"line":8,"column":32}},"line":8}},"branchMap":{},"s":{"0":2,"1":0,"2":5,"3":0},"f":{"0":0,"1":5,"2":0},"b":{},"_coverageSchema":"1a1c01bbd47fc00a2c39e90264f33305004495a9","hash":"89ff8cbe4cf32a97284716b912879d74cc1debac"}
,"C:\\Users\\Alexa\\Desktop\\gams\\K3---Projekt-i-team\\js\\status.js": {"path":"C:\\Users\\Alexa\\Desktop\\gams\\K3---Projekt-i-team\\js\\status.js","statementMap":{"0":{"start":{"line":5,"column":29},"end":{"line":10,"column":2}},"1":{"start":{"line":14,"column":2},"end":{"line":14,"column":55}},"2":{"start":{"line":19,"column":2},"end":{"line":19,"column":41}},"3":{"start":{"line":29,"column":2},"end":{"line":31,"column":3}},"4":{"start":{"line":30,"column":4},"end":{"line":30,"column":43}},"5":{"start":{"line":34,"column":2},"end":{"line":36,"column":3}},"6":{"start":{"line":35,"column":4},"end":{"line":35,"column":60}},"7":{"start":{"line":38,"column":16},"end":{"line":38,"column":27}},"8":{"start":{"line":40,"column":2},"end":{"line":42,"column":3}},"9":{"start":{"line":41,"column":4},"end":{"line":41,"column":45}},"10":{"start":{"line":44,"column":15},"end":{"line":44,"column":53}},"11":{"start":{"line":44,"column":37},"end":{"line":44,"column":52}},"12":{"start":{"line":46,"column":2},"end":{"line":48,"column":3}},"13":{"start":{"line":47,"column":4},"end":{"line":47,"column":38}},"14":{"start":{"line":51,"column":2},"end":{"line":51,"column":26}},"15":{"start":{"line":54,"column":2},"end":{"line":54,"column":92}},"16":{"start":{"line":57,"column":2},"end":{"line":59,"column":3}},"17":{"start":{"line":58,"column":4},"end":{"line":58,"column":27}},"18":{"start":{"line":61,"column":2},"end":{"line":61,"column":19}},"19":{"start":{"line":62,"column":2},"end":{"line":62,"column":11}}},"fnMap":{"0":{"name":"isValidTaskStatus","decl":{"start":{"line":13,"column":16},"end":{"line":13,"column":33}},"loc":{"start":{"line":13,"column":42},"end":{"line":15,"column":1}},"line":13},"1":{"name":"requiresCommentForStatus","decl":{"start":{"line":18,"column":16},"end":{"line":18,"column":40}},"loc":{"start":{"line":18,"column":49},"end":{"line":20,"column":1}},"line":18},"2":{"name":"updateTaskStatus","decl":{"start":{"line":28,"column":16},"end":{"line":28,"column":32}},"loc":{"start":{"line":28,"column":66},"end":{"line":63,"column":1}},"line":28},"3":{"name":"(anonymous_3)","decl":{"start":{"line":44,"column":32},"end":{"line":44,"column":33}},"loc":{"start":{"line":44,"column":37},"end":{"line":44,"column":52}},"line":44}},"branchMap":{"0":{"loc":{"start":{"line":28,"column":52},"end":{"line":28,"column":64}},"type":"default-arg","locations":[{"start":{"line":28,"column":62},"end":{"line":28,"column":64}}],"line":28},"1":{"loc":{"start":{"line":29,"column":2},"end":{"line":31,"column":3}},"type":"if","locations":[{"start":{"line":29,"column":2},"end":{"line":31,"column":3}},{"start":{},"end":{}}],"line":29},"2":{"loc":{"start":{"line":34,"column":2},"end":{"line":36,"column":3}},"type":"if","locations":[{"start":{"line":34,"column":2},"end":{"line":36,"column":3}},{"start":{},"end":{}}],"line":34},"3":{"loc":{"start":{"line":34,"column":6},"end":{"line":34,"column":53}},"type":"binary-expr","locations":[{"start":{"line":34,"column":6},"end":{"line":34,"column":41}},{"start":{"line":34,"column":45},"end":{"line":34,"column":53}}],"line":34},"4":{"loc":{"start":{"line":40,"column":2},"end":{"line":42,"column":3}},"type":"if","locations":[{"start":{"line":40,"column":2},"end":{"line":42,"column":3}},{"start":{},"end":{}}],"line":40},"5":{"loc":{"start":{"line":40,"column":6},"end":{"line":40,"column":28}},"type":"binary-expr","locations":[{"start":{"line":40,"column":6},"end":{"line":40,"column":12}},{"start":{"line":40,"column":16},"end":{"line":40,"column":28}}],"line":40},"6":{"loc":{"start":{"line":46,"column":2},"end":{"line":48,"column":3}},"type":"if","locations":[{"start":{"line":46,"column":2},"end":{"line":48,"column":3}},{"start":{},"end":{}}],"line":46},"7":{"loc":{"start":{"line":54,"column":20},"end":{"line":54,"column":90}},"type":"binary-expr","locations":[{"start":{"line":54,"column":20},"end":{"line":54,"column":52}},{"start":{"line":54,"column":56},"end":{"line":54,"column":90}}],"line":54},"8":{"loc":{"start":{"line":57,"column":2},"end":{"line":59,"column":3}},"type":"if","locations":[{"start":{"line":57,"column":2},"end":{"line":59,"column":3}},{"start":{},"end":{}}],"line":57}},"s":{"0":1,"1":8,"2":4,"3":0,"4":0,"5":0,"6":0,"7":0,"8":0,"9":0,"10":0,"11":0,"12":0,"13":0,"14":0,"15":0,"16":0,"17":0,"18":0,"19":0},"f":{"0":8,"1":4,"2":0,"3":0},"b":{"0":[0],"1":[0,0],"2":[0,0],"3":[0,0],"4":[0,0],"5":[0,0],"6":[0,0],"7":[0,0],"8":[0,0]},"_coverageSchema":"1a1c01bbd47fc00a2c39e90264f33305004495a9","hash":"00420c92546067aacbb357ffa9766f7d10a6d43c"}
,"C:\\Users\\Alexa\\Desktop\\gams\\K3---Projekt-i-team\\js\\storage.js": {"path":"C:\\Users\\Alexa\\Desktop\\gams\\K3---Projekt-i-team\\js\\storage.js","statementMap":{"0":{"start":{"line":3,"column":20},"end":{"line":3,"column":27}},"1":{"start":{"line":6,"column":14},"end":{"line":6,"column":47}},"2":{"start":{"line":7,"column":2},"end":{"line":12,"column":6}},"3":{"start":{"line":16,"column":2},"end":{"line":16,"column":59}},"4":{"start":{"line":18,"column":2},"end":{"line":18,"column":11}},"5":{"start":{"line":22,"column":16},"end":{"line":22,"column":27}},"6":{"start":{"line":23,"column":2},"end":{"line":25,"column":3}},"7":{"start":{"line":24,"column":4},"end":{"line":24,"column":21}},"8":{"start":{"line":26,"column":2},"end":{"line":26,"column":25}},"9":{"start":{"line":27,"column":2},"end":{"line":27,"column":19}},"10":{"start":{"line":31,"column":16},"end":{"line":31,"column":27}},"11":{"start":{"line":33,"column":2},"end":{"line":33,"column":75}},"12":{"start":{"line":33,"column":43},"end":{"line":33,"column":73}},"13":{"start":{"line":34,"column":2},"end":{"line":34,"column":19}},"14":{"start":{"line":38,"column":16},"end":{"line":38,"column":27}},"15":{"start":{"line":39,"column":2},"end":{"line":39,"column":55}}},"fnMap":{"0":{"name":"loadState","decl":{"start":{"line":5,"column":16},"end":{"line":5,"column":25}},"loc":{"start":{"line":5,"column":28},"end":{"line":13,"column":1}},"line":5},"1":{"name":"saveState","decl":{"start":{"line":15,"column":16},"end":{"line":15,"column":25}},"loc":{"start":{"line":15,"column":33},"end":{"line":19,"column":1}},"line":15},"2":{"name":"addState","decl":{"start":{"line":21,"column":16},"end":{"line":21,"column":24}},"loc":{"start":{"line":21,"column":31},"end":{"line":28,"column":1}},"line":21},"3":{"name":"removeById","decl":{"start":{"line":30,"column":16},"end":{"line":30,"column":26}},"loc":{"start":{"line":30,"column":31},"end":{"line":35,"column":1}},"line":30},"4":{"name":"(anonymous_4)","decl":{"start":{"line":33,"column":35},"end":{"line":33,"column":36}},"loc":{"start":{"line":33,"column":43},"end":{"line":33,"column":73}},"line":33},"5":{"name":"getTasks","decl":{"start":{"line":37,"column":16},"end":{"line":37,"column":24}},"loc":{"start":{"line":37,"column":27},"end":{"line":40,"column":1}},"line":37}},"branchMap":{"0":{"loc":{"start":{"line":7,"column":9},"end":{"line":12,"column":5}},"type":"cond-expr","locations":[{"start":{"line":8,"column":4},"end":{"line":8,"column":19}},{"start":{"line":9,"column":4},"end":{"line":12,"column":5}}],"line":7},"1":{"loc":{"start":{"line":23,"column":2},"end":{"line":25,"column":3}},"type":"if","locations":[{"start":{"line":23,"column":2},"end":{"line":25,"column":3}},{"start":{},"end":{}}],"line":23},"2":{"loc":{"start":{"line":39,"column":9},"end":{"line":39,"column":54}},"type":"cond-expr","locations":[{"start":{"line":39,"column":38},"end":{"line":39,"column":49}},{"start":{"line":39,"column":52},"end":{"line":39,"column":54}}],"line":39}},"s":{"0":2,"1":8,"2":8,"3":5,"4":5,"5":3,"6":3,"7":0,"8":3,"9":3,"10":1,"11":1,"12":2,"13":1,"14":2,"15":2},"f":{"0":8,"1":5,"2":3,"3":1,"4":2,"5":2},"b":{"0":[5,3],"1":[0,3],"2":[2,0]},"_coverageSchema":"1a1c01bbd47fc00a2c39e90264f33305004495a9","hash":"bdca8045618fea37dd01631b268d31d8f3c3d5aa"}
}
