TN:
SF:js\observer.js
FN:3,subscribe
FN:7,notify
FN:8,(anonymous_2)
FNF:3
FNH:0
FNDA:0,subscribe
FNDA:0,notify
FNDA:0,(anonymous_2)
DA:1,2
DA:4,0
DA:8,0
LF:3
LH:1
BRF:0
BRH:0
end_of_record
TN:
SF:js\status.js
FN:13,isValidTaskStatus
FN:18,requiresCommentForStatus
FN:28,updateTaskStatus
FN:44,(anonymous_3)
FNF:4
FNH:2
FNDA:16,isValidTaskStatus
FNDA:8,requiresCommentForStatus
FNDA:0,updateTaskStatus
FNDA:0,(anonymous_3)
DA:5,2
DA:14,16
DA:19,8
DA:29,0
DA:30,0
DA:34,0
DA:35,0
DA:38,0
DA:40,0
DA:41,0
DA:44,0
DA:46,0
DA:47,0
DA:51,0
DA:54,0
DA:57,0
DA:58,0
DA:61,0
DA:62,0
LF:19
LH:3
BRDA:28,0,0,0
BRDA:29,1,0,0
BRDA:29,1,1,0
BRDA:34,2,0,0
BRDA:34,2,1,0
BRDA:34,3,0,0
BRDA:34,3,1,0
BRDA:40,4,0,0
BRDA:40,4,1,0
BRDA:40,5,0,0
BRDA:40,5,1,0
BRDA:46,6,0,0
BRDA:46,6,1,0
BRDA:54,7,0,0
BRDA:54,7,1,0
BRDA:57,8,0,0
BRDA:57,8,1,0
BRF:17
BRH:0
end_of_record
TN:
SF:js\storage.js
FN:5,loadState
FN:15,saveState
FN:21,addState
FN:30,removeById
FN:33,(anonymous_4)
FN:37,getTasks
FNF:6
FNH:0
FNDA:0,loadState
FNDA:0,saveState
FNDA:0,addState
FNDA:0,removeById
FNDA:0,(anonymous_4)
FNDA:0,getTasks
DA:3,2
DA:6,0
DA:7,0
DA:16,0
DA:18,0
DA:22,0
DA:23,0
DA:24,0
DA:26,0
DA:27,0
DA:31,0
DA:33,0
DA:34,0
DA:38,0
DA:39,0
LF:15
LH:1
BRDA:7,0,0,0
BRDA:7,0,1,0
BRDA:23,1,0,0
BRDA:23,1,1,0
BRDA:39,2,0,0
BRDA:39,2,1,0
BRF:6
BRH:0
end_of_record
