TN:
SF:js\observer.js
FN:3,subscribe
FN:7,notify
FN:8,(anonymous_2)
FNF:3
FNH:1
FNDA:0,subscribe
FNDA:5,notify
FNDA:0,(anonymous_2)
DA:1,2
DA:4,0
DA:8,5
LF:3
LH:2
BRF:0
BRH:0
end_of_record
TN:
SF:js\status.js
FN:13,isValidTaskStatus
FN:18,requiresCommentForStatus
FN:28,updateTaskStatus
FN:44,(anonymous_3)
FNF:4
FNH:2
FNDA:8,isValidTaskStatus
FNDA:4,requiresCommentForStatus
FNDA:0,updateTaskStatus
FNDA:0,(anonymous_3)
DA:5,1
DA:14,8
DA:19,4
DA:29,0
DA:30,0
DA:34,0
DA:35,0
DA:38,0
DA:40,0
DA:41,0
DA:44,0
DA:46,0
DA:47,0
DA:51,0
DA:54,0
DA:57,0
DA:58,0
DA:61,0
DA:62,0
LF:19
LH:3
BRDA:28,0,0,0
BRDA:29,1,0,0
BRDA:29,1,1,0
BRDA:34,2,0,0
BRDA:34,2,1,0
BRDA:34,3,0,0
BRDA:34,3,1,0
BRDA:40,4,0,0
BRDA:40,4,1,0
BRDA:40,5,0,0
BRDA:40,5,1,0
BRDA:46,6,0,0
BRDA:46,6,1,0
BRDA:54,7,0,0
BRDA:54,7,1,0
BRDA:57,8,0,0
BRDA:57,8,1,0
BRF:17
BRH:0
end_of_record
TN:
SF:js\storage.js
FN:5,loadState
FN:15,saveState
FN:21,addState
FN:30,removeById
FN:33,(anonymous_4)
FN:37,getTasks
FNF:6
FNH:6
FNDA:8,loadState
FNDA:5,saveState
FNDA:3,addState
FNDA:1,removeById
FNDA:2,(anonymous_4)
FNDA:2,getTasks
DA:3,2
DA:6,8
DA:7,8
DA:16,5
DA:18,5
DA:22,3
DA:23,3
DA:24,0
DA:26,3
DA:27,3
DA:31,1
DA:33,2
DA:34,1
DA:38,2
DA:39,2
LF:15
LH:14
BRDA:7,0,0,5
BRDA:7,0,1,3
BRDA:23,1,0,0
BRDA:23,1,1,3
BRDA:39,2,0,2
BRDA:39,2,1,0
BRF:6
BRH:4
end_of_record
